f:\opengl\shaderbrowser\shaderbrowser\debug\vc140.pdb
f:\opengl\shaderbrowser\shaderbrowser\debug\vc140.idb
f:\opengl\shaderbrowser\shaderbrowser\debug\meshfilter.obj
f:\opengl\shaderbrowser\shaderbrowser\debug\baserender.obj
f:\opengl\shaderbrowser\shaderbrowser\debug\material.obj
f:\opengl\shaderbrowser\shaderbrowser\debug\pass.obj
f:\opengl\shaderbrowser\shaderbrowser\debug\transform.obj
f:\opengl\shaderbrowser\shaderbrowser\debug\baseentity.obj
f:\opengl\shaderbrowser\shaderbrowser\debug\meshsystem.obj
f:\opengl\shaderbrowser\shaderbrowser\debug\rendersystem.obj
f:\opengl\shaderbrowser\shaderbrowser\debug\transformsystem.obj
f:\opengl\shaderbrowser\shaderbrowser\debug\reference.obj
f:\opengl\shaderbrowser\shaderbrowser\debug\autoreleasepool.obj
f:\opengl\shaderbrowser\shaderbrowser\debug\glprogramcache.obj
f:\opengl\shaderbrowser\shaderbrowser\debug\ecsmanager.obj
f:\opengl\shaderbrowser\shaderbrowser\debug\utils.obj
f:\opengl\shaderbrowser\shaderbrowser\debug\gldefine.obj
f:\opengl\shaderbrowser\shaderbrowser\debug\glprogram.obj
f:\opengl\shaderbrowser\shaderbrowser\debug\image.obj
f:\opengl\shaderbrowser\shaderbrowser\debug\texture2d.obj
f:\opengl\shaderbrowser\shaderbrowser\debug\main.obj
f:\opengl\shaderbrowser\shaderbrowser\debug\stb_image.obj
f:\opengl\shaderbrowser\shaderbrowser\debug\basecomponent.obj
f:\opengl\shaderbrowser\shaderbrowser\debug\componentevent.obj
f:\opengl\shaderbrowser\shaderbrowser\debug\mesh.obj
f:\opengl\shaderbrowser\shaderbrowser\debug\glad.obj
f:\opengl\shaderbrowser\debug\shaderbrowser.ilk
f:\opengl\shaderbrowser\debug\shaderbrowser.exe
f:\opengl\shaderbrowser\debug\shaderbrowser.pdb
f:\opengl\shaderbrowser\shaderbrowser\debug\shaderbrowser.tlog\cl.command.1.tlog
f:\opengl\shaderbrowser\shaderbrowser\debug\shaderbrowser.tlog\cl.read.1.tlog
f:\opengl\shaderbrowser\shaderbrowser\debug\shaderbrowser.tlog\cl.write.1.tlog
f:\opengl\shaderbrowser\shaderbrowser\debug\shaderbrowser.tlog\link.command.1.tlog
f:\opengl\shaderbrowser\shaderbrowser\debug\shaderbrowser.tlog\link.read.1.tlog
f:\opengl\shaderbrowser\shaderbrowser\debug\shaderbrowser.tlog\link.write.1.tlog
